2019-08-31 19:10:33,429 
2019-08-31 19:10:33,429 ##### New Catboot Model #####
2019-08-31 19:11:22,024 Used columns: ['R1', 'card1', 'R12', 'TransactionAmt', 'N6', 'C1', 'N1', 'N5', 'card2', 'R4', 'addr1', 'R11', 'R3', 'R7', 'N3', 'R29', 'C13', 'card1_fe1', 'R8', 'R28', 'R9', 'C11', 'R17', 'D2', 'C14', 'R13', 'D1', 'R5', 'C6', 'Transaction_hour', 'card2_fe1', 'dist1', 'C2', 'R21', 'R2', 'addr1_fe1', 'M5', 'card5', 'N2', 'V307', 'card1_fe2', 'M5_fe2', 'id_02', 'R19', 'P_emaildomain', 'P_emaildomain_0_fe1', 'N4', 'DeviceInfo', 'Transaction_day_of_week', 'P_emaildomain_0', 'addr1_fe2', 'V258', 'V257', 'C12', 'C9', 'M4_fe2', 'id_31', 'V317', 'card2_fe2', 'V45', 'id_20', 'id_19', 'card6', 'P_emaildomain_fe1', 'V308', 'P_emaildomain_fe2', 'R20', 'V315', 'V310', 'V53', 'C8', 'M6_fe1', 'V313', 'V201', 'M4', 'R18', 'C4', 'card6_fe1', 'card6_fe2', 'R_emaildomain_0', 'V314', 'V283', 'P_emaildomain_0_fe2', 'V282', 'V285', 'V200', 'C10', 'V83', 'R14', 'R27', 'card5_fe1', 'V189', 'card5_fe2', 'V294', 'R22', 'C7', 'V127', 'M6', 'V54', 'V244', 'M5_fe1', 'card4', 'id_05', 'V87', 'V62', 'V188', 'V246', 'id_33', 'id_13', 'id_06', 'R10', 'V243', 'V312', 'V44', 'V281', 'V280', 'dist2', 'C5', 'id_01', 'V187', 'R_emaildomain', 'M6_fe2', 'V318', 'V75', 'proc_id_31_0', 'V242', 'V82', 'R16', 'M3', 'id_31_fe1', 'V259', 'R_emaildomain_fe2', 'V320', 'id_20_fe1', 'card3', 'V306', 'V130', 'V67', 'id_03', 'V245', 'V76', 'V13', 'device_name', 'M4_fe1', 'device_version', 'ProductCD', 'V86', 'V61', 'V133', 'V199', 'V12', 'V128', 'V291', 'id_30', 'V316', 'V38', 'card4_fe1', 'id_20_fe2', 'R15', 'V295', 'id_19_fe1', 'device_name_fe1', 'V149', 'V78', 'D9', 'card4_fe2', 'M2', 'V131', 'id_38_fe1', 'id_19_fe2', 'V274', 'V19', 'R_emaildomain_0_fe2', 'card3_fe2', 'V36', 'V156', 'V20', 'V309', 'id_09', 'V264', 'V279', 'V233', 'V287', 'D13', 'V186', 'id_31_fe2', 'R25', 'P_emaildomain_1', 'M7', 'V190', 'V96', 'V29', 'V102', 'id_18_fe1', 'addr2', 'V136', 'R_emaildomain_fe1', 'id_18', 'M3_fe2', 'V134', 'M9', 'id_17', 'V296', 'card3_fe1', 'V129', 'V56', 'id_38', 'V99', 'id_14', 'V97', 'V126', 'V275', 'DeviceType_fe1', 'M3_fe1', 'V35', 'M8', 'V273', 'addr2_fe1', 'R23', 'D14', 'R_emaildomain_0_fe1', 'V289', 'R26', 'id_13_fe1', 'device_name_fe2', 'proc_id_31_0_fe1', 'V311']
2019-08-31 19:11:22,025 Folds number: 5
2019-08-31 19:11:43,230 Params: {'early_stopping_rounds': 20, 'bootstrap_type': 'Bernoulli', 'boosting_type': 'Plain', 'allow_writing_files': False, 'eval_metric': 'AUC', 'logging_level': 'Verbose', 'random_seed': 42, 'thread_count': 8, 'rsm': 0.6, 'depth': 11, 'learning_rate': 0.01, 'iterations': 20000}
2019-08-31 19:13:16,795 Training fold 1
2019-08-31 19:13:30,629 Training fold 1
2019-08-31 19:23:41,432 Training fold 1
2019-08-31 19:24:23,778 Training fold 1
2019-08-31 19:24:37,483 Training fold 1
2019-08-31 19:24:39,037 Best AUC in this fold: 0.8383090351936113
2019-08-31 19:24:39,037 Best iteration in this fold: 10
2019-08-31 19:24:46,812 Training fold 1
2019-08-31 19:24:48,304 Best AUC in this fold: 0.8383090351936113
2019-08-31 19:24:48,304 Best iteration in this fold: 10
2019-08-31 19:24:48,455 Training fold 2
2019-08-31 19:24:50,408 Best AUC in this fold: 0.8216443576873025
2019-08-31 19:24:50,409 Best iteration in this fold: 39
2019-08-31 19:24:50,503 Training fold 3
2019-08-31 19:24:52,004 Best AUC in this fold: 0.824642126789366
2019-08-31 19:24:52,005 Best iteration in this fold: 7
2019-08-31 19:24:52,099 Training fold 4
2019-08-31 19:24:53,649 Best AUC in this fold: 0.7979410671128462
2019-08-31 19:24:53,649 Best iteration in this fold: 6
2019-08-31 19:24:53,753 Training fold 5
2019-08-31 19:24:55,349 Best AUC in this fold: 0.7480767358067971
2019-08-31 19:24:55,349 Best iteration in this fold: 16
2019-08-31 19:24:55,483 Mean AUC in 5 folds: 0.8061226645179846
2019-08-31 19:24:55,483 Mean iterations in 5 folds: 15.6
2019-08-31 19:29:51,350 Invalid alias: The name clear can't be aliased because it is another magic command.
2019-08-31 19:29:51,350 Invalid alias: The name more can't be aliased because it is another magic command.
2019-08-31 19:29:51,350 Invalid alias: The name less can't be aliased because it is another magic command.
2019-08-31 19:29:51,351 Invalid alias: The name man can't be aliased because it is another magic command.
2019-08-31 20:11:54,734 
2019-08-31 20:11:54,734 ##### New Catboot Model #####
2019-08-31 20:23:11,640 Used columns: ['R1', 'card1', 'R12', 'TransactionAmt', 'N6', 'C1', 'N1', 'N5', 'card2', 'R4', 'addr1', 'R11', 'R3', 'R7', 'N3', 'R29', 'C13', 'card1_fe1', 'R8', 'R28', 'R9', 'C11', 'R17', 'D2', 'C14', 'R13', 'D1', 'R5', 'C6', 'Transaction_hour', 'card2_fe1', 'dist1', 'C2', 'R21', 'R2', 'addr1_fe1', 'M5', 'card5', 'N2', 'V307', 'card1_fe2', 'M5_fe2', 'id_02', 'R19', 'P_emaildomain', 'P_emaildomain_0_fe1', 'N4', 'DeviceInfo', 'Transaction_day_of_week', 'P_emaildomain_0', 'addr1_fe2', 'V258', 'V257', 'C12', 'C9', 'M4_fe2', 'id_31', 'V317', 'card2_fe2', 'V45', 'id_20', 'id_19', 'card6', 'P_emaildomain_fe1', 'V308', 'P_emaildomain_fe2', 'R20', 'V315', 'V310', 'V53', 'C8', 'M6_fe1', 'V313', 'V201', 'M4', 'R18', 'C4', 'card6_fe1', 'card6_fe2', 'R_emaildomain_0', 'V314', 'V283', 'P_emaildomain_0_fe2', 'V282', 'V285', 'V200', 'C10', 'V83', 'R14', 'R27', 'card5_fe1', 'V189', 'card5_fe2', 'V294', 'R22', 'C7', 'V127', 'M6', 'V54', 'V244', 'M5_fe1', 'card4', 'id_05', 'V87', 'V62', 'V188', 'V246', 'id_33', 'id_13', 'id_06', 'R10', 'V243', 'V312', 'V44', 'V281', 'V280', 'dist2', 'C5', 'id_01', 'V187', 'R_emaildomain', 'M6_fe2', 'V318', 'V75', 'proc_id_31_0', 'V242', 'V82', 'R16', 'M3', 'id_31_fe1', 'V259', 'R_emaildomain_fe2', 'V320', 'id_20_fe1', 'card3', 'V306', 'V130', 'V67', 'id_03', 'V245', 'V76', 'V13', 'device_name', 'M4_fe1', 'device_version', 'ProductCD', 'V86', 'V61', 'V133', 'V199', 'V12', 'V128', 'V291', 'id_30', 'V316', 'V38', 'card4_fe1', 'id_20_fe2', 'R15', 'V295', 'id_19_fe1', 'device_name_fe1', 'V149', 'V78', 'D9', 'card4_fe2', 'M2', 'V131', 'id_38_fe1', 'id_19_fe2', 'V274', 'V19', 'R_emaildomain_0_fe2', 'card3_fe2', 'V36', 'V156', 'V20', 'V309', 'id_09', 'V264', 'V279', 'V233', 'V287', 'D13', 'V186', 'id_31_fe2', 'R25', 'P_emaildomain_1', 'M7', 'V190', 'V96', 'V29', 'V102', 'id_18_fe1', 'addr2', 'V136', 'R_emaildomain_fe1', 'id_18', 'M3_fe2', 'V134', 'M9', 'id_17', 'V296', 'card3_fe1', 'V129', 'V56', 'id_38', 'V99', 'id_14', 'V97', 'V126', 'V275', 'DeviceType_fe1', 'M3_fe1', 'V35', 'M8', 'V273', 'addr2_fe1', 'R23', 'D14', 'R_emaildomain_0_fe1', 'V289', 'R26', 'id_13_fe1', 'device_name_fe2', 'proc_id_31_0_fe1', 'V311']
2019-08-31 20:23:11,641 Folds number: 5
2019-08-31 20:23:13,375 Params: {'early_stopping_rounds': 20, 'bootstrap_type': 'Bernoulli', 'boosting_type': 'Plain', 'allow_writing_files': False, 'eval_metric': 'AUC', 'logging_level': 'Verbose', 'random_seed': 42, 'thread_count': 8, 'rsm': 0.6, 'depth': 11, 'learning_rate': 0.01, 'iterations': 20000}
2019-08-31 20:23:15,116 Training fold 1
2019-08-31 20:35:57,242 Invalid alias: The name clear can't be aliased because it is another magic command.
2019-08-31 20:35:57,242 Invalid alias: The name more can't be aliased because it is another magic command.
2019-08-31 20:35:57,242 Invalid alias: The name less can't be aliased because it is another magic command.
2019-08-31 20:35:57,242 Invalid alias: The name man can't be aliased because it is another magic command.
