2019-08-31 16:56:27,336 
2019-08-31 16:56:27,336 
2019-08-31 16:56:40,331 
2019-08-31 16:56:40,331 
2019-08-31 16:58:35,680 Training 80/20 time series split
2019-08-31 16:59:02,385 Submission name: new_lightgbm_ft_eng_1
2019-08-31 16:59:28,147 Parameters: {'boosting_type': 'gbdt', 'class_weight': None, 'colsample_bytree': 0.85, 'importance_type': 'split', 'learning_rate': 0.008, 'max_depth': 25, 'min_child_samples': 20, 'min_child_weight': 0.001, 'min_split_gain': 0.0, 'n_estimators': 1051, 'n_jobs': -1, 'num_leaves': 491, 'objective': 'xentropy', 'random_state': None, 'reg_alpha': 0.0, 'reg_lambda': 0.0, 'silent': True, 'subsample': 1.0, 'subsample_for_bin': 200000, 'subsample_freq': 0, 'metric': ['AUC'], 'first_metric_only': True, 'bagging_fraction': 0.8, 'bagging_freq': 5, 'lambda_l1': 0, 'lambda_l2': 0, 'bagging_seed': 42, 'seed': 42, 'feature_fraction_seed': 42, 'drop_seed': 42, 'data_random_seed': 42}
2019-08-31 17:17:38,994 
2019-08-31 17:17:38,994 ##### New LightGBM Model #####
2019-08-31 17:21:32,226 Used columns: ['R1', 'card1', 'R12', 'TransactionAmt', 'N6', 'C1', 'N1', 'N5', 'card2', 'R4', 'addr1', 'R11', 'R3', 'R7', 'N3', 'R29', 'C13', 'card1_fe1', 'R8', 'R28', 'R9', 'C11', 'R17', 'D2', 'C14', 'R13', 'D1', 'R5', 'C6', 'Transaction_hour', 'card2_fe1', 'dist1', 'C2', 'R21', 'R2', 'addr1_fe1', 'M5', 'card5', 'N2', 'V307', 'card1_fe2', 'M5_fe2', 'id_02', 'R19', 'P_emaildomain', 'P_emaildomain_0_fe1', 'N4', 'DeviceInfo', 'Transaction_day_of_week', 'P_emaildomain_0', 'addr1_fe2', 'V258', 'V257', 'C12', 'C9', 'M4_fe2', 'id_31', 'V317', 'card2_fe2', 'V45', 'id_20', 'id_19', 'card6', 'P_emaildomain_fe1', 'V308', 'P_emaildomain_fe2', 'R20', 'V315', 'V310', 'V53', 'C8', 'M6_fe1', 'V313', 'V201', 'M4', 'R18', 'C4', 'card6_fe1', 'card6_fe2', 'R_emaildomain_0', 'V314', 'V283', 'P_emaildomain_0_fe2', 'V282', 'V285', 'V200', 'C10', 'V83', 'R14', 'R27', 'card5_fe1', 'V189', 'card5_fe2', 'V294', 'R22', 'C7', 'V127', 'M6', 'V54', 'V244', 'M5_fe1', 'card4', 'id_05', 'V87', 'V62', 'V188', 'V246', 'id_33', 'id_13', 'id_06', 'R10', 'V243', 'V312', 'V44', 'V281', 'V280', 'dist2', 'C5', 'id_01', 'V187', 'R_emaildomain', 'M6_fe2', 'V318', 'V75', 'proc_id_31_0', 'V242', 'V82', 'R16', 'M3', 'id_31_fe1', 'V259', 'R_emaildomain_fe2', 'V320', 'id_20_fe1', 'card3', 'V306', 'V130', 'V67', 'id_03', 'V245', 'V76', 'V13', 'device_name', 'M4_fe1', 'device_version', 'ProductCD', 'V86', 'V61', 'V133', 'V199', 'V12', 'V128', 'V291', 'id_30', 'V316', 'V38', 'card4_fe1', 'id_20_fe2', 'R15', 'V295', 'id_19_fe1', 'device_name_fe1', 'V149', 'V78', 'D9', 'card4_fe2', 'M2', 'V131', 'id_38_fe1', 'id_19_fe2', 'V274', 'V19', 'R_emaildomain_0_fe2', 'card3_fe2', 'V36', 'V156', 'V20', 'V309', 'id_09', 'V264', 'V279', 'V233', 'V287', 'D13', 'V186', 'id_31_fe2', 'R25', 'P_emaildomain_1', 'M7', 'V190', 'V96', 'V29', 'V102', 'id_18_fe1', 'addr2', 'V136', 'R_emaildomain_fe1', 'id_18', 'M3_fe2', 'V134', 'M9', 'id_17', 'V296', 'card3_fe1', 'V129', 'V56', 'id_38', 'V99', 'id_14', 'V97', 'V126', 'V275', 'DeviceType_fe1', 'M3_fe1', 'V35', 'M8', 'V273', 'addr2_fe1', 'R23', 'D14', 'R_emaildomain_0_fe1', 'V289', 'R26', 'id_13_fe1', 'device_name_fe2', 'proc_id_31_0_fe1', 'V311']
2019-08-31 17:21:32,226 Folds number: 5
2019-08-31 17:29:22,595 Params: {'boosting_type': 'gbdt', 'class_weight': None, 'colsample_bytree': 0.5, 'importance_type': 'split', 'learning_rate': 0.01, 'max_depth': -1, 'min_child_samples': 20, 'min_child_weight': 0.001, 'min_split_gain': 0.0, 'n_estimators': 20000, 'n_jobs': -1, 'num_leaves': 351, 'objective': 'xentropy', 'random_state': None, 'reg_alpha': 0.0, 'reg_lambda': 0.0, 'silent': True, 'subsample': 1.0, 'subsample_for_bin': 200000, 'subsample_freq': 0, 'metric': ['AUC'], 'first_metric_only': True, 'bagging_fraction': 0.8, 'bagging_freq': 5, 'lambda_l1': 0, 'lambda_l2': 0, 'bagging_seed': 42, 'seed': 42, 'feature_fraction_seed': 42, 'drop_seed': 42, 'data_random_seed': 42}
2019-08-31 17:31:35,048 Invalid alias: The name clear can't be aliased because it is another magic command.
2019-08-31 17:31:35,048 Invalid alias: The name more can't be aliased because it is another magic command.
2019-08-31 17:31:35,048 Invalid alias: The name less can't be aliased because it is another magic command.
2019-08-31 17:31:35,048 Invalid alias: The name man can't be aliased because it is another magic command.
2019-08-31 17:43:27,807 Training fold 1
2019-08-31 17:56:00,044 Training fold 1
2019-08-31 18:02:26,553 Best AUC in this fold: 0.9715762616521405
2019-08-31 18:02:26,553 Best iteration in this fold: 1665
2019-08-31 18:02:26,608 Training fold 2
2019-08-31 18:10:25,360 Best AUC in this fold: 0.9726655728677268
2019-08-31 18:10:25,361 Best iteration in this fold: 1834
2019-08-31 18:10:25,414 Training fold 3
2019-08-31 18:19:28,097 Best AUC in this fold: 0.9743612618958775
2019-08-31 18:19:28,097 Best iteration in this fold: 2197
2019-08-31 18:19:28,161 Training fold 4
2019-08-31 18:25:59,883 Best AUC in this fold: 0.9706362912673187
2019-08-31 18:25:59,883 Best iteration in this fold: 1542
2019-08-31 18:25:59,940 Training fold 5
2019-08-31 18:34:47,336 Best AUC in this fold: 0.9744913511076778
2019-08-31 18:34:47,337 Best iteration in this fold: 2093
2019-08-31 18:34:47,392 Mean AUC in 5 folds: 0.9727461477581482
2019-08-31 18:34:47,392 Mean iterations in 5 folds: 1866.2
2019-08-31 18:47:58,126 Submission name: 20190831_LightGBM_0.9727461477581482
2019-08-31 18:48:05,863 End
2019-08-31 19:09:39,951 Invalid alias: The name clear can't be aliased because it is another magic command.
2019-08-31 19:09:39,951 Invalid alias: The name more can't be aliased because it is another magic command.
2019-08-31 19:09:39,951 Invalid alias: The name less can't be aliased because it is another magic command.
2019-08-31 19:09:39,951 Invalid alias: The name man can't be aliased because it is another magic command.
2019-08-31 22:20:04,938 
2019-08-31 22:20:04,939 ##### New LightGBM Model #####
2019-08-31 22:20:54,623 Used columns: ['R1', 'card1', 'R12', 'TransactionAmt', 'N6', 'C1', 'N1', 'N5', 'card2', 'R4', 'addr1', 'R11', 'R3', 'R7', 'N3', 'R29', 'C13', 'card1_fe1', 'R8', 'R28', 'R9', 'C11', 'R17', 'D2', 'C14', 'R13', 'D1', 'R5', 'C6', 'Transaction_hour', 'card2_fe1', 'dist1', 'C2', 'R21', 'R2', 'addr1_fe1', 'M5', 'card5', 'N2', 'V307', 'card1_fe2', 'M5_fe2', 'id_02', 'R19', 'P_emaildomain', 'P_emaildomain_0_fe1', 'N4', 'DeviceInfo', 'Transaction_day_of_week', 'P_emaildomain_0']
2019-08-31 22:20:54,623 Folds number: 5
2019-08-31 22:21:34,567 Params: {'boosting_type': 'gbdt', 'class_weight': None, 'colsample_bytree': 0.3, 'importance_type': 'split', 'learning_rate': 0.01, 'max_depth': 11, 'min_child_samples': 20, 'min_child_weight': 0.001, 'min_split_gain': 0.0, 'n_estimators': 20000, 'n_jobs': -1, 'num_leaves': 91, 'objective': 'xentropy', 'random_state': None, 'reg_alpha': 0.0, 'reg_lambda': 0.0, 'silent': True, 'subsample': 1.0, 'subsample_for_bin': 200000, 'subsample_freq': 0, 'metric': ['AUC'], 'first_metric_only': True, 'bagging_fraction': 0.8, 'bagging_freq': 5, 'lambda_l1': 0, 'lambda_l2': 0, 'bagging_seed': 42, 'seed': 42, 'feature_fraction_seed': 42, 'drop_seed': 42, 'data_random_seed': 42}
2019-08-31 22:21:35,016 Training fold 1
2019-08-31 22:26:49,951 Best AUC in this fold: 0.9667879235331184
2019-08-31 22:26:49,951 Best iteration in this fold: 6025
2019-08-31 22:26:49,980 Training fold 2
2019-08-31 22:31:59,424 Best AUC in this fold: 0.9680364194661703
2019-08-31 22:31:59,424 Best iteration in this fold: 6644
2019-08-31 22:31:59,452 Training fold 3
2019-08-31 22:38:21,796 Best AUC in this fold: 0.9694717797098207
2019-08-31 22:38:21,796 Best iteration in this fold: 8559
2019-08-31 22:38:21,824 Training fold 4
2019-08-31 22:43:05,029 Best AUC in this fold: 0.96620674147092
2019-08-31 22:43:05,029 Best iteration in this fold: 6225
2019-08-31 22:43:05,057 Training fold 5
2019-08-31 22:48:31,773 Best AUC in this fold: 0.9688627666900169
2019-08-31 22:48:31,773 Best iteration in this fold: 7014
2019-08-31 22:48:31,797 Mean AUC in 5 folds: 0.9678731261740092
2019-08-31 22:48:31,797 Mean iterations in 5 folds: 6893.4
2019-08-31 22:56:39,744 Submission name: 20190831_LightGBM_0.9678731261740092
2019-08-31 22:56:41,164 End
2019-08-31 23:05:44,433 Invalid alias: The name clear can't be aliased because it is another magic command.
2019-08-31 23:05:44,433 Invalid alias: The name more can't be aliased because it is another magic command.
2019-08-31 23:05:44,434 Invalid alias: The name less can't be aliased because it is another magic command.
2019-08-31 23:05:44,434 Invalid alias: The name man can't be aliased because it is another magic command.
2019-09-01 11:51:45,648 
2019-09-01 11:51:45,649 ##### New LightGBM Model #####
2019-09-01 11:52:31,519 Used columns: ['R1', 'C1', 'C13', 'C14', 'R12', 'C10', 'N3', 'card2_fe2', 'TransactionAmt', 'C2', 'N5', 'V90', 'card6_fe1', 'card2', 'addr1', 'V283', 'addr1_fe1', 'R3', 'R4', 'V45', 'card1_fe2', 'R11', 'id_31', 'card1', 'C11', 'id_31_fe1', 'card1_fe1', 'C5', 'V282', 'addr2', 'N1', 'V308', 'card2_fe1', 'V310', 'D1', 'V91', 'R_emaildomain_0_fe2', 'R20', 'addr2_fe1', 'card3', 'N2', 'id_17_fe1', 'V233', 'N4', 'id_31_fe2', 'V201', 'R2', 'V258', 'M4_fe2', 'N6']
2019-09-01 11:52:31,520 Folds number: 5
2019-09-01 11:53:25,401 Params: {'boosting_type': 'gbdt', 'class_weight': None, 'colsample_bytree': 0.3, 'importance_type': 'split', 'learning_rate': 0.01, 'max_depth': 11, 'min_child_samples': 20, 'min_child_weight': 0.001, 'min_split_gain': 0.0, 'n_estimators': 20000, 'n_jobs': -1, 'num_leaves': 91, 'objective': 'xentropy', 'random_state': 42, 'reg_alpha': 0.0, 'reg_lambda': 0.0, 'silent': True, 'subsample': 1.0, 'subsample_for_bin': 200000, 'subsample_freq': 0, 'metric': ['AUC'], 'first_metric_only': True, 'bagging_fraction': 0.8, 'bagging_freq': 5, 'lambda_l1': 0, 'lambda_l2': 0, 'bagging_seed': 42, 'seed': 42, 'feature_fraction_seed': 42, 'drop_seed': 42, 'data_random_seed': 42}
2019-09-01 11:53:26,439 Training fold 1
2019-09-01 12:00:31,511 Best AUC in this fold: 0.9673862747406711
2019-09-01 12:00:31,512 Best iteration in this fold: 6886
2019-09-01 12:00:31,546 Training fold 2
2019-09-01 12:07:14,043 Best AUC in this fold: 0.9708818967087718
2019-09-01 12:07:14,043 Best iteration in this fold: 6881
2019-09-01 12:07:14,079 Training fold 3
2019-09-01 12:14:18,476 Best AUC in this fold: 0.9705083926115998
2019-09-01 12:14:18,476 Best iteration in this fold: 7428
2019-09-01 12:14:18,511 Training fold 4
2019-09-01 12:20:09,594 Best AUC in this fold: 0.967699210756592
2019-09-01 12:20:09,594 Best iteration in this fold: 6094
2019-09-01 12:20:09,630 Training fold 5
2019-09-01 12:26:54,205 Best AUC in this fold: 0.9715271156040189
2019-09-01 12:26:54,205 Best iteration in this fold: 6901
2019-09-01 12:26:54,233 Mean AUC in 5 folds: 0.9696005780843308
2019-09-01 12:26:54,233 Mean iterations in 5 folds: 6838.0
2019-09-01 12:32:46,222 Submission name: 20190901_LightGBM_0.9696005780843308
2019-09-01 12:32:47,406 End
2019-09-02 17:01:46,058 
2019-09-02 17:01:46,059 ##### New LightGBM Model #####
2019-09-02 17:05:02,106 
2019-09-02 17:05:02,106 ##### New LightGBM Model #####
2019-09-02 17:05:33,037 
2019-09-02 17:05:33,038 ##### New LightGBM Model #####
2019-09-02 17:22:43,453 Used columns: ['R1', 'C1', 'C13', 'V258', 'C14', 'V201', 'C8', 'V199', 'V274', 'C7', 'V257', 'C10', 'V187', 'V45', 'C4', 'V188', 'V246', 'V200', 'N5', 'V190', 'C11', 'V244', 'C12', 'V44', 'V219', 'V87', 'V156', 'V242', 'V228', 'N3', 'P_emaildomain_0_fe2', 'id_35_fe1', 'V308', 'C2', 'R19', 'V263', 'V155', 'id_31_fe2', 'V265', 'V189', 'V283', 'V306', 'id_17_fe1', 'V232', 'R21', 'V51', 'V233', 'D9', 'V280', 'V171', 'R12', 'N6', 'V149', 'V277', 'V148', 'V154', 'V213', 'addr2', 'V181', 'V276', 'V278', 'R23', 'V23', 'V218', 'V275', 'R_emaildomain_0_fe2', 'P_emaildomain_0', 'D1', 'V57', 'V332', 'R5', 'id_17', 'id_31_fe1', 'V198', 'V186', 'V39', 'addr2_fe1', 'V204', 'id_16', 'N4', 'V282', 'id_15_fe2', 'V307', 'id_20_fe2', 'V147', 'id_30_fe2', 'id_03', 'V17', 'V196', 'V197', 'id_01', 'V178', 'V182', 'Transaction_day_of_week', 'P_emaildomain_fe1', 'V229', 'V245', 'V316', 'V211', 'id_09', 'R7', 'V235', 'id_35', 'id_37_fe2', 'addr1_fe1', 'V295', 'V243', 'proc_id_31_0', 'R_emaildomain_fe1', 'id_28_fe1', 'V183', 'card2_fe2', 'id_16_fe1', 'P_emaildomain_fe2', 'V202', 'id_02', 'V133', 'id_33', 'id_19_fe2', 'V264', 'N2', 'R_emaildomain_1_fe2', 'id_30_fe1', 'card2', 'V176', 'V179', 'V194', 'V203', 'DeviceInfo_fe1', 'V84', 'V54', 'V207', 'id_32', 'V256', 'R3', 'R25', 'V236', 'V260', 'V25', 'V125', 'V153', 'V255', 'V146', 'P_emaildomain_1_fe1', 'V221', 'V272', 'V216', 'V79', 'V212', 'id_34_fe2', 'V76', 'V252', 'V195', 'V47', 'id_32_fe1', 'id_18_fe2', 'V254', 'V292', 'DeviceType_fe2', 'id_34', 'V152', 'V185', 'ProductCD', 'proc_id_31_0_fe1', 'V215', 'R_emaildomain_0', 'V293', 'V314', 'card4', 'V317', 'V318', 'V180', 'id_33_fe2', 'V166', 'V239', 'D14', 'V75', 'V24', 'V105', 'M4', 'id_16_fe2', 'V284', 'V33', 'V70', 'id_17_fe2', 'id_15', 'card6', 'V309', 'V285', 'V324', 'proc_id_30_0', 'V127', 'card3', 'R22', 'V217', 'V52', 'V279', 'addr2_fe2', 'V322', 'V30', 'DeviceType', 'V214', 'R28', 'V165', 'V124', 'C5', 'R10', 'V291', 'R_emaildomain_fe2', 'addr1', 'V137', 'id_14', 'card1', 'V99', 'V297', 'P_emaildomain', 'V86', 'R9', 'id_31', 'V130', 'V92', 'V95', 'proc_id_30_1_fe2', 'R_emaildomain_1', 'id_14_fe1', 'V150', 'id_13_fe2', 'V58', 'V247', 'R24', 'V164', 'V167', 'proc_id_30_1', 'V208', 'V40', 'V271', 'V74', 'V123', 'V109', 'V100', 'id_06', 'device_name', 'D13', 'V281', 'device_version_fe2', 'V20', 'R_emaildomain_0_fe1', 'V320', 'V62', 'V136', 'V259', 'card5_fe2', 'V97', 'P_emaildomain_0_fe1', 'id_38', 'V56', 'V288', 'V296', 'ProductCD_fe1', 'id_20_fe1', 'V311', 'card2_fe1', 'R17', 'proc_id_31_0_fe2', 'V64', 'id_13', 'id_33_fe1']
2019-09-02 17:22:43,454 Folds number: 5
2019-09-02 17:22:54,438 Params: {'boosting_type': 'gbdt', 'class_weight': None, 'colsample_bytree': 0.4, 'importance_type': 'split', 'learning_rate': 0.01, 'max_depth': -1, 'min_child_samples': 20, 'min_child_weight': 0.001, 'min_split_gain': 0.0, 'n_estimators': 20000, 'n_jobs': -1, 'num_leaves': 256, 'objective': 'xentropy', 'random_state': 42, 'reg_alpha': 0.0, 'reg_lambda': 0.0, 'silent': True, 'subsample': 1.0, 'subsample_for_bin': 200000, 'subsample_freq': 0, 'metric': ['AUC'], 'first_metric_only': True, 'bagging_fraction': 0.8, 'bagging_freq': 5, 'lambda_l1': 0, 'lambda_l2': 0, 'bagging_seed': 42, 'seed': 42, 'feature_fraction_seed': 42, 'drop_seed': 42, 'data_random_seed': 42}
2019-09-02 17:23:09,967 Training fold 1
2019-09-02 17:30:37,925 Best AUC in this fold: 0.9570286722829332
2019-09-02 17:30:37,925 Best iteration in this fold: 2413
2019-09-02 17:30:38,011 Training fold 2
2019-09-02 17:41:30,378 Used columns: ['R1', 'C1', 'C13', 'V258', 'C14', 'V201', 'C8', 'V199', 'V274', 'C7', 'V257', 'C10', 'V187', 'V45', 'C4', 'V188', 'V246', 'V200', 'N5', 'V190', 'C11', 'V244', 'C12', 'V44', 'V219', 'V87', 'V156', 'V242', 'V228', 'N3', 'P_emaildomain_0_fe2', 'id_35_fe1', 'V308', 'C2', 'R19', 'V263', 'V155', 'id_31_fe2', 'V265', 'V189', 'V283', 'V306', 'id_17_fe1', 'V232', 'R21', 'V51', 'V233', 'D9', 'V280', 'V171', 'R12', 'N6', 'V149', 'V277', 'V148', 'V154', 'V213', 'addr2', 'V181', 'V276', 'V278', 'R23', 'V23', 'V218', 'V275', 'R_emaildomain_0_fe2', 'P_emaildomain_0', 'D1', 'V57', 'V332', 'R5', 'id_17', 'id_31_fe1', 'V198', 'V186', 'V39', 'addr2_fe1', 'V204', 'id_16', 'N4', 'V282', 'id_15_fe2', 'V307', 'id_20_fe2', 'V147', 'id_30_fe2', 'id_03', 'V17', 'V196', 'V197', 'id_01', 'V178', 'V182', 'Transaction_day_of_week', 'P_emaildomain_fe1', 'V229', 'V245', 'V316', 'V211', 'id_09', 'R7', 'V235', 'id_35', 'id_37_fe2', 'addr1_fe1', 'V295', 'V243', 'proc_id_31_0', 'R_emaildomain_fe1', 'id_28_fe1', 'V183', 'card2_fe2', 'id_16_fe1', 'P_emaildomain_fe2', 'V202', 'id_02', 'V133', 'id_33', 'id_19_fe2', 'V264', 'N2', 'R_emaildomain_1_fe2', 'id_30_fe1', 'card2', 'V176', 'V179', 'V194', 'V203', 'DeviceInfo_fe1', 'V84', 'V54', 'V207', 'id_32', 'V256', 'R3', 'R25', 'V236', 'V260', 'V25', 'V125', 'V153', 'V255', 'V146', 'P_emaildomain_1_fe1', 'V221', 'V272', 'V216', 'V79', 'V212', 'id_34_fe2', 'V76', 'V252', 'V195', 'V47', 'id_32_fe1', 'id_18_fe2', 'V254', 'V292', 'DeviceType_fe2', 'id_34', 'V152', 'V185', 'ProductCD', 'proc_id_31_0_fe1', 'V215', 'R_emaildomain_0', 'V293', 'V314', 'card4', 'V317', 'V318', 'V180', 'id_33_fe2', 'V166', 'V239', 'D14', 'V75', 'V24', 'V105', 'M4', 'id_16_fe2', 'V284', 'V33', 'V70', 'id_17_fe2', 'id_15', 'card6', 'V309', 'V285', 'V324', 'proc_id_30_0', 'V127', 'card3', 'R22', 'V217', 'V52', 'V279', 'addr2_fe2', 'V322', 'V30', 'DeviceType', 'V214', 'R28', 'V165', 'V124', 'C5', 'R10', 'V291', 'R_emaildomain_fe2', 'addr1', 'V137', 'id_14', 'card1', 'V99', 'V297', 'P_emaildomain', 'V86', 'R9', 'id_31', 'V130', 'V92', 'V95', 'proc_id_30_1_fe2', 'R_emaildomain_1', 'id_14_fe1', 'V150', 'id_13_fe2', 'V58', 'V247', 'R24', 'V164', 'V167', 'proc_id_30_1', 'V208', 'V40', 'V271', 'V74', 'V123', 'V109', 'V100', 'id_06', 'device_name', 'D13', 'V281', 'device_version_fe2', 'V20', 'R_emaildomain_0_fe1', 'V320', 'V62', 'V136', 'V259', 'card5_fe2', 'V97', 'P_emaildomain_0_fe1', 'id_38', 'V56', 'V288', 'V296', 'ProductCD_fe1', 'id_20_fe1', 'V311', 'card2_fe1', 'R17', 'proc_id_31_0_fe2', 'V64', 'id_13', 'id_33_fe1']
2019-09-02 17:41:30,379 Folds number: 3
2019-09-02 17:41:39,857 Params: {'boosting_type': 'gbdt', 'class_weight': None, 'colsample_bytree': 0.4, 'importance_type': 'split', 'learning_rate': 0.01, 'max_depth': -1, 'min_child_samples': 20, 'min_child_weight': 0.001, 'min_split_gain': 0.0, 'n_estimators': 20000, 'n_jobs': -1, 'num_leaves': 256, 'objective': 'xentropy', 'random_state': 42, 'reg_alpha': 0.0, 'reg_lambda': 0.0, 'silent': True, 'subsample': 1.0, 'subsample_for_bin': 200000, 'subsample_freq': 0, 'metric': ['AUC'], 'first_metric_only': True, 'bagging_fraction': 0.8, 'bagging_freq': 5, 'lambda_l1': 0, 'lambda_l2': 0, 'bagging_seed': 42, 'seed': 42, 'feature_fraction_seed': 42, 'drop_seed': 42, 'data_random_seed': 42}
2019-09-02 17:41:40,941 Training fold 1
2019-09-02 17:42:29,237 Best AUC in this fold: 0.8870044570816097
2019-09-02 17:42:29,237 Best iteration in this fold: 249
2019-09-02 17:42:29,332 Training fold 2
2019-09-02 17:44:34,100 Best AUC in this fold: 0.9035870574700735
2019-09-02 17:44:34,100 Best iteration in this fold: 637
2019-09-02 17:44:34,191 Training fold 3
2019-09-02 17:46:52,193 Best AUC in this fold: 0.9081202417739347
2019-09-02 17:46:52,193 Best iteration in this fold: 760
2019-09-02 17:46:52,268 Mean AUC in 3 folds: 0.8995705854418725
2019-09-02 17:46:52,268 Mean iterations in 3 folds: 548.6666666666666
2019-09-02 17:47:01,199 Training fold 1
2019-09-02 17:47:54,516 Best AUC in this fold: 0.8870044570816097
2019-09-02 17:47:54,516 Best iteration in this fold: 249
2019-09-02 17:47:54,601 Training fold 2
2019-09-02 17:49:22,877 Best AUC in this fold: 0.902299106902976
2019-09-02 17:49:22,877 Best iteration in this fold: 548
2019-09-02 17:49:22,961 Training fold 3
2019-09-02 17:50:47,678 Best AUC in this fold: 0.9067049034413119
2019-09-02 17:50:47,678 Best iteration in this fold: 548
2019-09-02 17:50:47,753 Mean AUC in 3 folds: 0.8986694891419659
2019-09-02 17:50:47,753 Mean iterations in 3 folds: 448.3333333333333
2019-09-02 17:52:28,200 Submission name: 20190902_LightGBM_0.8986694891419659
2019-09-02 17:52:29,518 End
2019-09-02 17:59:27,138 Max depth = 5
2019-09-02 18:00:35,075 Max depth = 6
2019-09-02 18:01:43,109 Max depth = 7
2019-09-02 18:02:51,463 Max depth = 8
2019-09-02 18:03:20,913 Max depth = 5
2019-09-02 18:03:53,192 Max depth = 6
2019-09-02 18:04:44,930 Max depth = 7
2019-09-02 18:05:36,161 Max depth = 8
2019-09-02 18:06:24,466 Max depth = 9
2019-09-02 18:07:21,109 Max depth = 10
2019-09-02 18:08:23,478 Max depth = 11
2019-09-02 18:09:28,640 Max depth = 12
2019-09-02 18:10:33,418 Max depth = 13
2019-09-02 18:11:40,646 Max depth = 14
2019-09-02 18:12:51,681 Max depth = 15
2019-09-02 18:14:00,320 Max depth = 16
2019-09-02 18:15:09,607 Max depth = 17
2019-09-02 18:16:19,404 Max depth = 18
2019-09-02 18:17:31,761 Max depth = 19
2019-09-02 18:53:25,994 Invalid alias: The name clear can't be aliased because it is another magic command.
2019-09-02 18:53:25,997 Invalid alias: The name more can't be aliased because it is another magic command.
2019-09-02 18:53:25,997 Invalid alias: The name less can't be aliased because it is another magic command.
2019-09-02 18:53:25,997 Invalid alias: The name man can't be aliased because it is another magic command.
