2019-09-01 10:06:18,286 
2019-09-01 10:06:18,288 ##### New Permutation Importance Study #####
2019-09-01 10:06:19,876 Studying first 250 most important features
2019-09-01 10:19:34,769 Invalid alias: The name clear can't be aliased because it is another magic command.
2019-09-01 10:19:34,769 Invalid alias: The name more can't be aliased because it is another magic command.
2019-09-01 10:19:34,769 Invalid alias: The name less can't be aliased because it is another magic command.
2019-09-01 10:19:34,769 Invalid alias: The name man can't be aliased because it is another magic command.
2019-09-01 10:20:24,499 
2019-09-01 10:20:24,499 ##### New Permutation Importance Study #####
2019-09-01 10:20:27,573 Studying first 250 most important features
2019-09-01 10:25:01,389 Used columns: ['R1', 'card1', 'R12', 'TransactionAmt', 'N6', 'C1', 'N1', 'N5', 'card2', 'R4', 'addr1', 'R11', 'R3', 'R7', 'N3', 'R29', 'C13', 'card1_fe1', 'R8', 'R28', 'R9', 'C11', 'R17', 'D2', 'C14', 'R13', 'D1', 'R5', 'C6', 'Transaction_hour', 'card2_fe1', 'dist1', 'C2', 'R21', 'R2', 'addr1_fe1', 'M5', 'card5', 'N2', 'V307', 'card1_fe2', 'M5_fe2', 'id_02', 'R19', 'P_emaildomain', 'P_emaildomain_0_fe1', 'N4', 'DeviceInfo', 'Transaction_day_of_week', 'P_emaildomain_0', 'addr1_fe2', 'V258', 'V257', 'C12', 'C9', 'M4_fe2', 'id_31', 'V317', 'card2_fe2', 'V45', 'id_20', 'id_19', 'card6', 'P_emaildomain_fe1', 'V308', 'P_emaildomain_fe2', 'R20', 'V315', 'V310', 'V53', 'C8', 'M6_fe1', 'V313', 'V201', 'M4', 'R18', 'C4', 'card6_fe1', 'card6_fe2', 'R_emaildomain_0', 'V314', 'V283', 'P_emaildomain_0_fe2', 'V282', 'V285', 'V200', 'C10', 'V83', 'R14', 'R27', 'card5_fe1', 'V189', 'card5_fe2', 'V294', 'R22', 'C7', 'V127', 'M6', 'V54', 'V244', 'M5_fe1', 'card4', 'id_05', 'V87', 'V62', 'V188', 'V246', 'id_33', 'id_13', 'id_06', 'R10', 'V243', 'V312', 'V44', 'V281', 'V280', 'dist2', 'C5', 'id_01', 'V187', 'R_emaildomain', 'M6_fe2', 'V318', 'V75', 'proc_id_31_0', 'V242', 'V82', 'R16', 'M3', 'id_31_fe1', 'V259', 'R_emaildomain_fe2', 'V320', 'id_20_fe1', 'card3', 'V306', 'V130', 'V67', 'id_03', 'V245', 'V76', 'V13', 'device_name', 'M4_fe1', 'device_version', 'ProductCD', 'V86', 'V61', 'V133', 'V199', 'V12', 'V128', 'V291', 'id_30', 'V316', 'V38', 'card4_fe1', 'id_20_fe2', 'R15', 'V295', 'id_19_fe1', 'device_name_fe1', 'V149', 'V78', 'D9', 'card4_fe2', 'M2', 'V131', 'id_38_fe1', 'id_19_fe2', 'V274', 'V19', 'R_emaildomain_0_fe2', 'card3_fe2', 'V36', 'V156', 'V20', 'V309', 'id_09', 'V264', 'V279', 'V233', 'V287', 'D13', 'V186', 'id_31_fe2', 'R25', 'P_emaildomain_1', 'M7', 'V190', 'V96', 'V29', 'V102', 'id_18_fe1', 'addr2', 'V136', 'R_emaildomain_fe1', 'id_18', 'M3_fe2', 'V134', 'M9', 'id_17', 'V296', 'card3_fe1', 'V129', 'V56', 'id_38', 'V99', 'id_14', 'V97', 'V126', 'V275', 'DeviceType_fe1', 'M3_fe1', 'V35', 'M8', 'V273', 'addr2_fe1', 'R23', 'D14', 'R_emaildomain_0_fe1', 'V289', 'R26', 'id_13_fe1', 'device_name_fe2', 'proc_id_31_0_fe1', 'V311', 'device_version_fe2', 'V90', 'id_38_fe2', 'V266', 'id_17_fe1', 'device_version_fe1', 'id_33_fe1', 'V77', 'V231', 'V261', 'V91', 'id_15', 'M9_fe1', 'V321', 'id_16', 'V52', 'proc_id_30_0', 'V5', 'V203', 'P_emaildomain_1_fe1', 'DeviceType', 'proc_id_31_0_fe2', 'id_16_fe1']
2019-09-01 10:25:04,602 Model used to PermitationImportance: Random Forest
2019-09-01 10:32:36,236 Params: {'bootstrap': True, 'class_weight': None, 'criterion': 'gini', 'max_depth': None, 'max_features': 'auto', 'max_leaf_nodes': None, 'min_impurity_decrease': 0.0, 'min_impurity_split': None, 'min_samples_leaf': 1, 'min_samples_split': 2, 'min_weight_fraction_leaf': 0.0, 'n_estimators': 250, 'n_jobs': -1, 'oob_score': True, 'random_state': 42, 'verbose': 0, 'warm_start': False}
2019-09-01 11:49:52,572 Importances: [ 1.58837674e-03  9.82151929e-05  2.15057405e-04  1.38855962e-04
  6.77346158e-05  5.13089714e-04  8.80550005e-05  1.32082501e-04
  1.15148847e-04  1.03295289e-04  1.13455481e-04  1.01601924e-04
  1.04988654e-04  4.40275003e-05  1.50709520e-04  4.06407695e-05
  4.16567887e-04  9.48284621e-05  3.21739425e-05  5.08009618e-05
  5.41876926e-05  9.82151929e-05  8.46682697e-06  6.77346158e-05
  2.86178752e-04  4.57208656e-05  8.29749043e-05  2.37071155e-05
  6.26545196e-05  4.23341349e-05  8.63616351e-05  1.69336539e-05
  1.32082501e-04  5.24943272e-05  6.94279812e-05  1.06682020e-04
  4.06407695e-05  2.87872117e-05  7.78948081e-05  3.89474041e-05
  1.01601924e-04  1.18535578e-05  8.46682697e-06  3.21739425e-05
  3.38673079e-05  2.03203847e-05  7.45080774e-05  4.40275003e-05
  1.35469232e-05 -4.44089210e-17  5.08009618e-05  6.77346158e-05
  4.23341349e-05 -1.69336539e-05  3.38673079e-05  6.77346158e-05
  9.99085583e-05  5.58810580e-05  1.40549328e-04  1.01601924e-04
  4.57208656e-05 -4.44089210e-17  5.58810580e-05  5.08009618e-05
  8.80550005e-05 -8.46682697e-06  7.95881735e-05  4.06407695e-05
  8.29749043e-05  2.20137501e-05  4.74142310e-05  8.46682697e-06
  5.08009618e-05  6.94279812e-05  4.23341349e-05  2.20137501e-05
  2.70938463e-05  1.18535578e-04  5.24943272e-05 -1.52402885e-05
  2.70938463e-05  1.06682020e-04  2.03203847e-05  9.31350967e-05
  5.08009618e-05  4.91075964e-05  1.65949809e-04 -1.01601924e-05
 -6.77346158e-06  4.91075964e-05  2.70938463e-05  4.40275003e-05
  2.87872117e-05  6.60412504e-05  4.40275003e-05 -4.74142310e-05
 -1.69336539e-05  5.08009618e-06  6.43478850e-05 -6.09611542e-05
  3.04805771e-05  2.37071155e-05 -5.08009618e-06  5.08009618e-06
  5.08009618e-05  5.08009618e-05  5.41876926e-05  1.18535578e-05
  1.86270193e-05 -1.69336539e-05 -1.86270193e-05 -4.74142310e-05
  2.54004809e-05  6.60412504e-05  2.37071155e-05  6.60412504e-05
  2.37071155e-05  9.48284621e-05  1.86270193e-05 -4.57208656e-05
  5.41876926e-05  1.35469232e-05  5.24943272e-05  1.35469232e-05
  6.77346158e-06 -3.38673079e-05 -2.87872117e-05  1.35469232e-05
  1.35469232e-05  9.48284621e-05  1.69336539e-05  1.69336539e-05
  1.69336539e-05  2.03203847e-05  7.78948081e-05  2.70938463e-05
  1.18535578e-05  5.58810580e-05  3.38673079e-05 -2.20137501e-05
  3.72540387e-05  3.38673079e-06 -1.01601924e-05  3.55606733e-05
  5.08009618e-05  5.24943272e-05  6.77346158e-06  1.18535578e-05
  2.37071155e-05  1.52402885e-05  8.46682697e-06  3.04805771e-05
  4.23341349e-05  3.72540387e-05  5.24943272e-05  3.21739425e-05
  2.54004809e-05  4.74142310e-05  3.21739425e-05  5.75744234e-05
 -1.69336539e-05  1.01601924e-05  2.54004809e-05  1.69336539e-05
  2.20137501e-05  1.18535578e-05  1.69336539e-06  2.87872117e-05
  1.69336539e-06 -8.46682697e-06  5.58810580e-05  6.77346158e-06
  8.12815389e-05  5.75744234e-05  5.08009618e-06 -1.69336539e-05
  2.87872117e-05  3.38673079e-06  3.38673079e-05  8.46682697e-06
  4.74142310e-05  7.45080774e-05  3.21739425e-05  1.86270193e-05
  3.38673079e-05  7.28147120e-05  2.37071155e-05 -5.08009618e-06
 -8.46682697e-06  3.89474041e-05  1.69336539e-05  3.89474041e-05
  5.41876926e-05 -1.35469232e-05  9.14417313e-05  6.77346158e-06
  1.18535578e-05  6.77346158e-06 -3.38673079e-06  8.46682697e-06
  1.18535578e-05  5.41876926e-05  2.20137501e-05 -3.38673079e-06
 -5.08009618e-06  3.04805771e-05  2.37071155e-05  2.37071155e-05
  3.89474041e-05 -3.38673079e-06  3.38673079e-06  4.06407695e-05
  5.08009618e-05  5.08009618e-06  1.52402885e-05 -1.69336539e-06
  3.72540387e-05  7.95881735e-05 -1.86270193e-05  1.35469232e-05
 -1.35469232e-05  2.87872117e-05  3.21739425e-05 -6.77346158e-06
  1.69336539e-05  1.52402885e-05  3.38673079e-06  1.18535578e-05
  1.30389135e-04  1.18535578e-05 -2.54004809e-05  7.62014427e-05
  1.69336539e-05  1.35469232e-05 -6.77346158e-06  3.89474041e-05
  2.54004809e-05  8.29749043e-05  3.04805771e-05  1.69336539e-06
 -1.69336539e-06  6.77346158e-06  2.54004809e-05  3.55606733e-05
  1.52402885e-05 -8.46682697e-06  3.04805771e-05  2.37071155e-05
 -3.55606733e-05  2.54004809e-05]
2019-09-01 11:50:47,941 End
2019-09-01 12:38:39,130 
2019-09-01 12:38:39,131 ##### New Permutation Importance Study #####
2019-09-01 12:38:40,656 Studying first 300 most important features
2019-09-01 12:39:22,795 Used columns: ['R1', 'card1', 'R12', 'TransactionAmt', 'N6', 'C1', 'N1', 'N5', 'card2', 'R4', 'addr1', 'R11', 'R3', 'R7', 'N3', 'R29', 'C13', 'card1_fe1', 'R8', 'R28', 'R9', 'C11', 'R17', 'D2', 'C14', 'R13', 'D1', 'R5', 'C6', 'Transaction_hour', 'card2_fe1', 'dist1', 'C2', 'R21', 'R2', 'addr1_fe1', 'M5', 'card5', 'N2', 'V307', 'card1_fe2', 'M5_fe2', 'id_02', 'R19', 'P_emaildomain', 'P_emaildomain_0_fe1', 'N4', 'DeviceInfo', 'Transaction_day_of_week', 'P_emaildomain_0', 'addr1_fe2', 'V258', 'V257', 'C12', 'C9', 'M4_fe2', 'id_31', 'V317', 'card2_fe2', 'V45', 'id_20', 'id_19', 'card6', 'P_emaildomain_fe1', 'V308', 'P_emaildomain_fe2', 'R20', 'V315', 'V310', 'V53', 'C8', 'M6_fe1', 'V313', 'V201', 'M4', 'R18', 'C4', 'card6_fe1', 'card6_fe2', 'R_emaildomain_0', 'V314', 'V283', 'P_emaildomain_0_fe2', 'V282', 'V285', 'V200', 'C10', 'V83', 'R14', 'R27', 'card5_fe1', 'V189', 'card5_fe2', 'V294', 'R22', 'C7', 'V127', 'M6', 'V54', 'V244', 'M5_fe1', 'card4', 'id_05', 'V87', 'V62', 'V188', 'V246', 'id_33', 'id_13', 'id_06', 'R10', 'V243', 'V312', 'V44', 'V281', 'V280', 'dist2', 'C5', 'id_01', 'V187', 'R_emaildomain', 'M6_fe2', 'V318', 'V75', 'proc_id_31_0', 'V242', 'V82', 'R16', 'M3', 'id_31_fe1', 'V259', 'R_emaildomain_fe2', 'V320', 'id_20_fe1', 'card3', 'V306', 'V130', 'V67', 'id_03', 'V245', 'V76', 'V13', 'device_name', 'M4_fe1', 'device_version', 'ProductCD', 'V86', 'V61', 'V133', 'V199', 'V12', 'V128', 'V291', 'id_30', 'V316', 'V38', 'card4_fe1', 'id_20_fe2', 'R15', 'V295', 'id_19_fe1', 'device_name_fe1', 'V149', 'V78', 'D9', 'card4_fe2', 'M2', 'V131', 'id_38_fe1', 'id_19_fe2', 'V274', 'V19', 'R_emaildomain_0_fe2', 'card3_fe2', 'V36', 'V156', 'V20', 'V309', 'id_09', 'V264', 'V279', 'V233', 'V287', 'D13', 'V186', 'id_31_fe2', 'R25', 'P_emaildomain_1', 'M7', 'V190', 'V96', 'V29', 'V102', 'id_18_fe1', 'addr2', 'V136', 'R_emaildomain_fe1', 'id_18', 'M3_fe2', 'V134', 'M9', 'id_17', 'V296', 'card3_fe1', 'V129', 'V56', 'id_38', 'V99', 'id_14', 'V97', 'V126', 'V275', 'DeviceType_fe1', 'M3_fe1', 'V35', 'M8', 'V273', 'addr2_fe1', 'R23', 'D14', 'R_emaildomain_0_fe1', 'V289', 'R26', 'id_13_fe1', 'device_name_fe2', 'proc_id_31_0_fe1', 'V311', 'device_version_fe2', 'V90', 'id_38_fe2', 'V266', 'id_17_fe1', 'device_version_fe1', 'id_33_fe1', 'V77', 'V231', 'V261', 'V91', 'id_15', 'M9_fe1', 'V321', 'id_16', 'V52', 'proc_id_30_0', 'V5', 'V203', 'P_emaildomain_1_fe1', 'DeviceType', 'proc_id_31_0_fe2', 'id_16_fe1', 'V198', 'V103', 'V256', 'id_13_fe2', 'V212', 'V55', 'V165', 'id_28_fe1', 'V124', 'V72', 'V37', 'V232', 'M2_fe1', 'V66', 'DeviceType_fe2', 'id_12_fe1', 'V298', 'DeviceInfo_fe1', 'V26', 'V208', 'V218', 'V207', 'V74', 'V178', 'V24', 'M8_fe1', 'V222', 'V154', 'V271', 'V40', 'id_29_fe1', 'V4', 'V293', 'V47', 'V213', 'V265', 'DeviceInfo_fe2', 'V292', 'V209', 'V48', 'V70', 'V100', 'V204', 'V277', 'V251', 'V288', 'id_18_fe2', 'M8_fe2', 'R6', 'V30']
2019-09-01 12:39:22,810 Model used to PermitationImportance: Random Forest
2019-09-01 12:52:29,005 Params: {'bootstrap': True, 'class_weight': None, 'criterion': 'gini', 'max_depth': None, 'max_features': 'auto', 'max_leaf_nodes': None, 'min_impurity_decrease': 0.0, 'min_impurity_split': None, 'min_samples_leaf': 1, 'min_samples_split': 2, 'min_weight_fraction_leaf': 0.0, 'n_estimators': 400, 'n_jobs': -1, 'oob_score': True, 'random_state': 42, 'verbose': 0, 'warm_start': False}
2019-09-01 14:51:41,198 Importances: [ 1.58837674e-03  1.32082501e-04  1.62563078e-04  1.93043655e-04
  1.47322789e-04  3.94554137e-04  1.37162597e-04  1.76110001e-04
  1.59176347e-04  9.31350967e-05  7.28147120e-05  6.94279812e-05
  1.06682020e-04  3.38673079e-06  1.43936059e-04  5.08009618e-06
  3.74233752e-04  8.80550005e-05  6.60412504e-05 -2.20137501e-05
  5.75744234e-05  7.62014427e-05  3.55606733e-05  1.42242693e-04
  3.65766925e-04  1.18535578e-05  1.84576828e-04  5.92677888e-05
  5.58810580e-05  2.54004809e-05  1.32082501e-04  3.38673079e-05
  1.55789616e-04  6.09611542e-05  7.11213466e-05  1.23615674e-04
  5.58810580e-05  4.74142310e-05  1.30389135e-04  5.75744234e-05
  6.77346158e-05  6.09611542e-05 -7.28147120e-05  6.94279812e-05
  3.55606733e-05  2.70938463e-05  4.40275003e-05 -5.08009618e-05
  1.69336539e-06  4.57208656e-05  6.94279812e-05  1.10068751e-04
  5.08009618e-05  7.95881735e-05  3.89474041e-05  1.86270193e-05
  7.62014427e-05  5.75744234e-05  1.18535578e-04  1.01601924e-04
  4.23341349e-05 -8.46682697e-06  1.11762116e-04  4.06407695e-05
  6.26545196e-05  3.21739425e-05  8.63616351e-05  4.23341349e-05
  1.16842212e-04  1.18535578e-05  7.45080774e-05  4.74142310e-05
  2.70938463e-05  6.94279812e-05  6.26545196e-05  4.57208656e-05
  4.74142310e-05  1.23615674e-04  1.49016155e-04  2.03203847e-05
  4.40275003e-05  8.97483659e-05  5.08009618e-05  5.41876926e-05
  5.75744234e-05  2.54004809e-05  1.16842212e-04 -1.35469232e-05
  1.18535578e-05  4.57208656e-05  6.94279812e-05  7.28147120e-05
  6.09611542e-05  9.48284621e-05  3.21739425e-05  1.69336539e-06
 -1.01601924e-05  4.91075964e-05  8.12815389e-05  5.24943272e-05
  4.23341349e-05  3.04805771e-05 -1.69336539e-06  4.91075964e-05
  1.01601924e-05  5.58810580e-05  5.08009618e-05  5.08009618e-06
  3.89474041e-05  1.69336539e-05  2.54004809e-05  4.91075964e-05
  3.55606733e-05  6.43478850e-05  1.01601924e-05  1.10068751e-04
 -6.77346158e-06  6.60412504e-05  5.75744234e-05  6.26545196e-05
 -1.35469232e-05  2.70938463e-05  1.35469232e-05  6.77346158e-06
 -1.52402885e-05  3.38673079e-06  1.69336539e-05  2.87872117e-05
  1.86270193e-05  8.46682697e-05  3.89474041e-05 -2.87872117e-05
  1.86270193e-05  4.23341349e-05  6.94279812e-05  1.01601924e-05
  1.01601924e-05  5.08009618e-05  4.40275003e-05  3.38673079e-05
  3.89474041e-05 -2.37071155e-05 -1.69336539e-06  8.46682697e-05
  1.35469232e-05  1.01601924e-05  2.03203847e-05  1.86270193e-05
  6.77346158e-06  3.04805771e-05 -6.77346158e-06  2.87872117e-05
 -3.38673079e-06  1.18535578e-05 -1.69336539e-06  4.23341349e-05
  1.69336539e-06  4.57208656e-05  1.52402885e-05  1.69336539e-05
  6.77346158e-05 -3.21739425e-05  6.77346158e-06  5.08009618e-06
 -3.38673079e-06 -2.03203847e-05  8.46682697e-06  1.69336539e-05
  2.37071155e-05  2.37071155e-05  5.24943272e-05  2.37071155e-05
 -5.41876926e-05  3.55606733e-05  2.54004809e-05  3.04805771e-05
  3.38673079e-05  1.69336539e-06  2.03203847e-05  3.21739425e-05
  8.12815389e-05  4.91075964e-05  2.03203847e-05 -1.01601924e-05
  5.58810580e-05  5.58810580e-05  6.60412504e-05  4.23341349e-05
  1.69336539e-06 -6.77346158e-06  1.69336539e-05  4.40275003e-05
  0.00000000e+00  1.52402885e-05  7.11213466e-05  6.77346158e-06
 -4.57208656e-05  3.38673079e-06  1.35469232e-05  2.54004809e-05
  1.18535578e-05  8.97483659e-05  2.70938463e-05  5.58810580e-05
  3.38673079e-06  7.45080774e-05  1.18535578e-05  3.38673079e-05
  0.00000000e+00 -2.37071155e-05 -6.77346158e-06  2.37071155e-05
  5.08009618e-06  1.01601924e-05  2.03203847e-05  1.69336539e-05
  3.72540387e-05  1.21922308e-04  1.01601924e-05  1.69336539e-05
 -5.75744234e-05  4.74142310e-05  5.08009618e-06 -6.77346158e-06
 -3.04805771e-05  8.46682697e-06  0.00000000e+00  2.70938463e-05
  5.41876926e-05  1.69336539e-05 -1.69336539e-05  9.82151929e-05
  8.46682697e-06  3.38673079e-06  3.38673079e-05  1.35469232e-05
  1.69336539e-06  6.94279812e-05  3.04805771e-05  5.08009618e-06
  3.38673079e-05  2.20137501e-05  5.08009618e-05  6.77346158e-06
  2.37071155e-05 -1.69336539e-05  5.08009618e-05  1.01601924e-05
 -1.18535578e-05  2.20137501e-05  3.21739425e-05  1.18535578e-05
  1.69336539e-06  2.37071155e-05  6.77346158e-06  2.54004809e-05
  6.77346158e-06  2.03203847e-05  8.46682697e-06 -1.69336539e-05
  1.69336539e-06  4.74142310e-05  0.00000000e+00  2.37071155e-05
  2.87872117e-05  1.52402885e-05 -1.69336539e-06  0.00000000e+00
  1.01601924e-05 -1.69336539e-06  4.74142310e-05  5.08009618e-06
  3.38673079e-05  3.21739425e-05 -1.69336539e-06  1.52402885e-05
 -1.18535578e-05  3.89474041e-05 -3.38673079e-06  0.00000000e+00
  6.77346158e-06  1.69336539e-06  2.70938463e-05  3.89474041e-05
  1.01601924e-05  2.03203847e-05 -2.54004809e-05  3.38673079e-06
 -1.35469232e-05  4.23341349e-05  7.78948081e-05  1.18535578e-05
  8.46682697e-06  3.38673079e-05  2.03203847e-05  1.69336539e-05
  5.08009618e-06  3.38673079e-06  1.69336539e-06  6.94279812e-05]
2019-09-01 14:51:41,245 End
